# JRE version: OpenJDK Runtime Environment (8.0_242-b01) (build 1.8.0_242-release-1644-b01)
# Java VM: OpenJDK 64-Bit Server VM (25.242-b01 mixed mode windows-amd64 compressed oops)
Heap:
 PSYoungGen      total 285696K, used 107890K [0x00000000d5580000, 0x00000000efd00000, 0x0000000100000000)
  eden space 230400K, 22% used [0x00000000d5580000,0x00000000d88e0a40,0x00000000e3680000)
  from space 55296K, 99% used [0x00000000e8700000,0x00000000ebcfbfb0,0x00000000ebd00000)
  to   space 82432K, 0% used [0x00000000e3680000,0x00000000e3680000,0x00000000e8700000)
 ParOldGen       total 312320K, used 151964K [0x0000000080000000, 0x0000000093100000, 0x00000000d5580000)
  object space 312320K, 48% used [0x0000000080000000,0x0000000089467128,0x0000000093100000)
 Metaspace       used 78070K, capacity 82442K, committed 82600K, reserved 1120256K
  class space    used 10664K, capacity 11574K, committed 11696K, reserved 1048576K
GC Heap History (10 events):
Event: 17.041 GC heap before
{Heap before GC invocations=13 (full 3):
 PSYoungGen      total 166912K, used 150016K [0x00000000d5580000, 0x00000000e3d80000, 0x0000000100000000)
  eden space 150016K, 100% used [0x00000000d5580000,0x00000000de800000,0x00000000de800000)
  from space 16896K, 0% used [0x00000000de800000,0x00000000de800000,0x00000000df880000)
  to   space 20992K, 0% used [0x00000000e2900000,0x00000000e2900000,0x00000000e3d80000)
 ParOldGen       total 312320K, used 34458K [0x0000000080000000, 0x0000000093100000, 0x00000000d5580000)
  object space 312320K, 11% used [0x0000000080000000,0x00000000821a69a0,0x0000000093100000)
 Metaspace       used 61129K, capacity 63780K, committed 63784K, reserved 1103872K
  class space    used 8401K, capacity 9005K, committed 9008K, reserved 1048576K
Event: 17.060 GC heap after
Heap after GC invocations=13 (full 3):
 PSYoungGen      total 192000K, used 14340K [0x00000000d5580000, 0x00000000e3780000, 0x0000000100000000)
  eden space 177152K, 0% used [0x00000000d5580000,0x00000000d5580000,0x00000000e0280000)
  from space 14848K, 96% used [0x00000000e2900000,0x00000000e3701120,0x00000000e3780000)
  to   space 20992K, 0% used [0x00000000e0e80000,0x00000000e0e80000,0x00000000e2300000)
 ParOldGen       total 312320K, used 34466K [0x0000000080000000, 0x0000000093100000, 0x00000000d5580000)
  object space 312320K, 11% used [0x0000000080000000,0x00000000821a89a0,0x0000000093100000)
 Metaspace       used 61129K, capacity 63780K, committed 63784K, reserved 1103872K
  class space    used 8401K, capacity 9005K, committed 9008K, reserved 1048576K
}
Event: 22.815 GC heap before
{Heap before GC invocations=14 (full 3):
 PSYoungGen      total 192000K, used 191492K [0x00000000d5580000, 0x00000000e3780000, 0x0000000100000000)
  eden space 177152K, 100% used [0x00000000d5580000,0x00000000e0280000,0x00000000e0280000)
  from space 14848K, 96% used [0x00000000e2900000,0x00000000e3701120,0x00000000e3780000)
  to   space 20992K, 0% used [0x00000000e0e80000,0x00000000e0e80000,0x00000000e2300000)
 ParOldGen       total 312320K, used 34466K [0x0000000080000000, 0x0000000093100000, 0x00000000d5580000)
  object space 312320K, 11% used [0x0000000080000000,0x00000000821a89a0,0x0000000093100000)
 Metaspace       used 66800K, capacity 69714K, committed 69928K, reserved 1110016K
  class space    used 9074K, capacity 9698K, committed 9776K, reserved 1048576K
Event: 22.845 GC heap after
Heap after GC invocations=14 (full 3):
 PSYoungGen      total 210432K, used 20971K [0x00000000d5580000, 0x00000000e4d80000, 0x0000000100000000)
  eden space 189440K, 0% used [0x00000000d5580000,0x00000000d5580000,0x00000000e0e80000)
  from space 20992K, 99% used [0x00000000e0e80000,0x00000000e22faef8,0x00000000e2300000)
  to   space 24064K, 0% used [0x00000000e3600000,0x00000000e3600000,0x00000000e4d80000)
 ParOldGen       total 312320K, used 37280K [0x0000000080000000, 0x0000000093100000, 0x00000000d5580000)
  object space 312320K, 11% used [0x0000000080000000,0x0000000082468288,0x0000000093100000)
 Metaspace       used 66800K, capacity 69714K, committed 69928K, reserved 1110016K
  class space    used 9074K, capacity 9698K, committed 9776K, reserved 1048576K
}
Event: 26.178 GC heap before
{Heap before GC invocations=15 (full 3):
 PSYoungGen      total 210432K, used 210402K [0x00000000d5580000, 0x00000000e4d80000, 0x0000000100000000)
  eden space 189440K, 99% used [0x00000000d5580000,0x00000000e0e7dc88,0x00000000e0e80000)
  from space 20992K, 99% used [0x00000000e0e80000,0x00000000e22faef8,0x00000000e2300000)
  to   space 24064K, 0% used [0x00000000e3600000,0x00000000e3600000,0x00000000e4d80000)
 ParOldGen       total 312320K, used 37280K [0x0000000080000000, 0x0000000093100000, 0x00000000d5580000)
  object space 312320K, 11% used [0x0000000080000000,0x0000000082468288,0x0000000093100000)
 Metaspace       used 69636K, capacity 72866K, committed 73128K, reserved 1112064K
  class space    used 9456K, capacity 10134K, committed 10160K, reserved 1048576K
Event: 26.217 GC heap after
Heap after GC invocations=15 (full 3):
 PSYoungGen      total 224256K, used 24061K [0x00000000d5580000, 0x00000000e6680000, 0x0000000100000000)
  eden space 200192K, 0% used [0x00000000d5580000,0x00000000d5580000,0x00000000e1900000)
  from space 24064K, 99% used [0x00000000e3600000,0x00000000e4d7f7f0,0x00000000e4d80000)
  to   space 29696K, 0% used [0x00000000e1900000,0x00000000e1900000,0x00000000e3600000)
 ParOldGen       total 312320K, used 43963K [0x0000000080000000, 0x0000000093100000, 0x00000000d5580000)
  object space 312320K, 14% used [0x0000000080000000,0x0000000082aeee40,0x0000000093100000)
 Metaspace       used 69636K, capacity 72866K, committed 73128K, reserved 1112064K
  class space    used 9456K, capacity 10134K, committed 10160K, reserved 1048576K
}
Event: 28.303 GC heap before
{Heap before GC invocations=16 (full 3):
 PSYoungGen      total 224256K, used 224253K [0x00000000d5580000, 0x00000000e6680000, 0x0000000100000000)
  eden space 200192K, 100% used [0x00000000d5580000,0x00000000e1900000,0x00000000e1900000)
  from space 24064K, 99% used [0x00000000e3600000,0x00000000e4d7f7f0,0x00000000e4d80000)
  to   space 29696K, 0% used [0x00000000e1900000,0x00000000e1900000,0x00000000e3600000)
 ParOldGen       total 312320K, used 43963K [0x0000000080000000, 0x0000000093100000, 0x00000000d5580000)
  object space 312320K, 14% used [0x0000000080000000,0x0000000082aeee40,0x0000000093100000)
 Metaspace       used 76338K, capacity 80506K, committed 80808K, reserved 1118208K
  class space    used 10435K, capacity 11318K, committed 11440K, reserved 1048576K
Event: 28.472 GC heap after
Heap after GC invocations=16 (full 3):
 PSYoungGen      total 229888K, used 29693K [0x00000000d5580000, 0x00000000ebd00000, 0x0000000100000000)
  eden space 200192K, 0% used [0x00000000d5580000,0x00000000d5580000,0x00000000e1900000)
  from space 29696K, 99% used [0x00000000e1900000,0x00000000e35ff6f8,0x00000000e3600000)
  to   space 55296K, 0% used [0x00000000e8700000,0x00000000e8700000,0x00000000ebd00000)
 ParOldGen       total 312320K, used 102705K [0x0000000080000000, 0x0000000093100000, 0x00000000d5580000)
  object space 312320K, 32% used [0x0000000080000000,0x000000008644c718,0x0000000093100000)
 Metaspace       used 76338K, capacity 80506K, committed 80808K, reserved 1118208K
  class space    used 10435K, capacity 11318K, committed 11440K, reserved 1048576K
}
Event: 30.769 GC heap before
{Heap before GC invocations=17 (full 3):
 PSYoungGen      total 229888K, used 229885K [0x00000000d5580000, 0x00000000ebd00000, 0x0000000100000000)
  eden space 200192K, 100% used [0x00000000d5580000,0x00000000e1900000,0x00000000e1900000)
  from space 29696K, 99% used [0x00000000e1900000,0x00000000e35ff6f8,0x00000000e3600000)
  to   space 55296K, 0% used [0x00000000e8700000,0x00000000e8700000,0x00000000ebd00000)
 ParOldGen       total 312320K, used 102705K [0x0000000080000000, 0x0000000093100000, 0x00000000d5580000)
  object space 312320K, 32% used [0x0000000080000000,0x000000008644c718,0x0000000093100000)
 Metaspace       used 78014K, capacity 82352K, committed 82600K, reserved 1120256K
  class space    used 10661K, capacity 11571K, committed 11696K, reserved 1048576K
Event: 30.955 GC heap after
Heap after GC invocations=17 (full 3):
 PSYoungGen      total 285696K, used 55279K [0x00000000d5580000, 0x00000000efd00000, 0x0000000100000000)
  eden space 230400K, 0% used [0x00000000d5580000,0x00000000d5580000,0x00000000e3680000)
  from space 55296K, 99% used [0x00000000e8700000,0x00000000ebcfbfb0,0x00000000ebd00000)
  to   space 82432K, 0% used [0x00000000e3680000,0x00000000e3680000,0x00000000e8700000)
 ParOldGen       total 312320K, used 151964K [0x0000000080000000, 0x0000000093100000, 0x00000000d5580000)
  object space 312320K, 48% used [0x0000000080000000,0x0000000089467128,0x0000000093100000)
 Metaspace       used 78014K, capacity 82352K, committed 82600K, reserved 1120256K
  class space    used 10661K, capacity 11571K, committed 11696K, reserved 1048576K
}

